2025-09-02 20:12:52,538 - INFO - ESET-KeyGen Version: text=v1.5.6.0, index=1560
2025-09-02 20:12:52,538 - INFO - I_AM_EXECUTABLE=False, OS=nt
2025-09-02 20:12:52,538 - INFO - sys.argv: ['C:\\Users\\Hisako\\Desktop\\etkg-main\\etkg-waterfox\\main.py']
2025-09-02 20:12:52,539 - INFO - -- Updater --
2025-09-02 20:12:53,263 - INFO - Project up to date!!!
2025-09-02 20:12:53,263 - INFO - -- WebDriver Auto-Installer --
2025-09-02 20:12:53,265 - INFO - Waterfox version: 140.3.0
2025-09-02 20:12:53,265 - INFO - Waterfox webdriver version: None
2025-09-02 20:12:53,265 - WARNING - Waterfox webdriver version doesn't match version of the installed Waterfox, trying to download...
2025-09-02 20:12:53,787 - INFO - Found a suitable version for your system!
2025-09-02 20:12:53,788 - INFO - Downloading...
2025-09-02 20:12:55,384 - INFO - Waterfox webdriver was successfully downloaded and unzipped!
2025-09-02 20:12:55,385 - INFO - -- Browsers Initializer --
2025-09-02 20:12:55,385 - INFO - Initializing Waterfox for Windows
2025-09-02 20:13:00,695 - INFO - -- KeyGen --
2025-09-02 20:13:00,695 - INFO - [emailfake] Mail registration...
2025-09-02 20:13:04,764 - INFO - Mail registration completed successfully!
2025-09-02 20:13:04,765 - INFO - [EMAIL] Register page loading...
2025-09-02 20:13:07,043 - INFO - [EMAIL] Register page is loaded!
2025-09-02 20:13:07,043 - INFO - Bypassing cookies...
2025-09-02 20:13:08,091 - INFO - Cookies successfully bypassed!
2025-09-02 20:13:10,210 - INFO - [PASSWD] Register page loading...
2025-09-02 20:13:10,218 - INFO - [PASSWD] Register page is loaded!
2025-09-02 20:13:10,274 - INFO - Selecting the country...
2025-09-02 20:13:12,057 - INFO - Country selected!
2025-09-02 20:13:14,433 - INFO - [emailfake] ESET-HOME-Token interception...
2025-09-02 20:13:20,493 - INFO - ESET-HOME-Token: 2d2d684e-c861-448c-8daa-a06b6a37e226
2025-09-02 20:13:20,493 - INFO - Account confirmation is in progress...
2025-09-02 20:13:23,739 - INFO - Account successfully confirmed!
2025-09-02 20:13:23,739 - INFO - [ESET HOME] Request sending...
2025-09-02 20:13:33,723 - INFO - [ESET HOME] Request successfully sent!
2025-09-02 20:13:33,724 - INFO - License uploads...
2025-09-02 20:13:33,736 - INFO - License ID: 3BC-DHU-M67
2025-09-02 20:13:33,814 - INFO - Information successfully received!
2025-09-02 20:13:33,814 - INFO - 
-------------------------------------------------
Account Email: leahm316@chaocosen.com
Account Password: 2;CCV@K3jw!Wj>

License Name: ESET HOME Security Premium
License Key: C96S-XJ47-DUVV-DUVB-7UEA
License Out Date: 02.10.2025
-------------------------------------------------

